The system is: Linux - 4.1.12-desktop-1.mga5 - x86_64
Compiling the C compiler identification source file "CMakeCCompilerId.c" succeeded.
Compiler: /usr/bin/cc 
Build flags: 
Id flags: 

The output was:
0


Compilation of the C compiler identification source "CMakeCCompilerId.c" produced "a.out"

The C compiler identification is GNU, found in "/home/marko/projects/parallelModeling/core/opencl/CMakeFiles/3.0.2/CompilerIdC/a.out"

Compiling the CXX compiler identification source file "CMakeCXXCompilerId.cpp" succeeded.
Compiler: /usr/bin/c++ 
Build flags: 
Id flags: 

The output was:
0


Compilation of the CXX compiler identification source "CMakeCXXCompilerId.cpp" produced "a.out"

The CXX compiler identification is GNU, found in "/home/marko/projects/parallelModeling/core/opencl/CMakeFiles/3.0.2/CompilerIdCXX/a.out"

Determining if the C compiler works passed with the following output:
Change Dir: /home/marko/projects/parallelModeling/core/opencl/CMakeFiles/CMakeTmp

Run Build Command:"/usr/bin/gmake" "cmTryCompileExec1715772761/fast"
/usr/bin/gmake -f CMakeFiles/cmTryCompileExec1715772761.dir/build.make CMakeFiles/cmTryCompileExec1715772761.dir/build
gmake[1]: Entering directory '/home/marko/projects/parallelModeling/core/opencl/CMakeFiles/CMakeTmp'
/usr/bin/cmake -E cmake_progress_report /home/marko/projects/parallelModeling/core/opencl/CMakeFiles/CMakeTmp/CMakeFiles 1
Building C object CMakeFiles/cmTryCompileExec1715772761.dir/testCCompiler.c.o
/usr/bin/cc    -o CMakeFiles/cmTryCompileExec1715772761.dir/testCCompiler.c.o   -c /home/marko/projects/parallelModeling/core/opencl/CMakeFiles/CMakeTmp/testCCompiler.c
Linking C executable cmTryCompileExec1715772761
/usr/bin/cmake -E cmake_link_script CMakeFiles/cmTryCompileExec1715772761.dir/link.txt --verbose=1
/usr/bin/cc       CMakeFiles/cmTryCompileExec1715772761.dir/testCCompiler.c.o  -o cmTryCompileExec1715772761 -rdynamic 
gmake[1]: Leaving directory '/home/marko/projects/parallelModeling/core/opencl/CMakeFiles/CMakeTmp'


Detecting C compiler ABI info compiled with the following output:
Change Dir: /home/marko/projects/parallelModeling/core/opencl/CMakeFiles/CMakeTmp

Run Build Command:"/usr/bin/gmake" "cmTryCompileExec2605153005/fast"
/usr/bin/gmake -f CMakeFiles/cmTryCompileExec2605153005.dir/build.make CMakeFiles/cmTryCompileExec2605153005.dir/build
gmake[1]: Entering directory '/home/marko/projects/parallelModeling/core/opencl/CMakeFiles/CMakeTmp'
/usr/bin/cmake -E cmake_progress_report /home/marko/projects/parallelModeling/core/opencl/CMakeFiles/CMakeTmp/CMakeFiles 1
Building C object CMakeFiles/cmTryCompileExec2605153005.dir/CMakeCCompilerABI.c.o
/usr/bin/cc    -o CMakeFiles/cmTryCompileExec2605153005.dir/CMakeCCompilerABI.c.o   -c /usr/share/cmake/Modules/CMakeCCompilerABI.c
Linking C executable cmTryCompileExec2605153005
/usr/bin/cmake -E cmake_link_script CMakeFiles/cmTryCompileExec2605153005.dir/link.txt --verbose=1
/usr/bin/cc     -v CMakeFiles/cmTryCompileExec2605153005.dir/CMakeCCompilerABI.c.o  -o cmTryCompileExec2605153005 -rdynamic  
Using built-in specs.
COLLECT_GCC=/usr/bin/cc
COLLECT_LTO_WRAPPER=/usr/lib/gcc/x86_64-mageia-linux-gnu/4.9.2/lto-wrapper
Target: x86_64-mageia-linux-gnu
Configured with: ../configure --prefix=/usr --libexecdir=/usr/lib --with-slibdir=/lib64 --with-bugurl=http://bugs.mageia.org/ --mandir=/usr/share/man --infodir=/usr/share/info --enable-checking=release --enable-languages=c,c++,ada,fortran,objc,obj-c++,java --enable-linker-build-id --build=x86_64-mageia-linux-gnu --host=x86_64-mageia-linux-gnu --with-cpu=generic --with-system-zlib --enable-threads=posix --enable-shared --enable-objc-gc --enable-long-long --enable-__cxa_atexit --disable-libunwind-exceptions --enable-clocale=gnu --enable-java-awt=gtk --with-java-home=/usr/lib/jvm/java-1.5.0-gcj-1.5.0.0/jre --with-ecj-jar=/usr/share/java/eclipse-ecj.jar --enable-gtk-cairo --disable-libjava-multilib --enable-ssp --disable-libssp --disable-werror --with-ppl --with-cloog --with-python-dir=/lib/python2.7/site-packages --enable-lto
Thread model: posix
gcc version 4.9.2 (GCC) 
COMPILER_PATH=/usr/lib/gcc/x86_64-mageia-linux-gnu/4.9.2/:/usr/lib/gcc/x86_64-mageia-linux-gnu/4.9.2/:/usr/lib/gcc/x86_64-mageia-linux-gnu/:/usr/lib/gcc/x86_64-mageia-linux-gnu/4.9.2/:/usr/lib/gcc/x86_64-mageia-linux-gnu/
LIBRARY_PATH=/usr/lib/gcc/x86_64-mageia-linux-gnu/4.9.2/:/usr/lib/gcc/x86_64-mageia-linux-gnu/4.9.2/../../../../lib64/:/lib/../lib64/:/usr/lib/../lib64/:/usr/lib/gcc/x86_64-mageia-linux-gnu/4.9.2/../../../:/lib/:/usr/lib/
COLLECT_GCC_OPTIONS='-v' '-o' 'cmTryCompileExec2605153005' '-rdynamic' '-mtune=generic' '-march=x86-64'
 /usr/lib/gcc/x86_64-mageia-linux-gnu/4.9.2/collect2 -plugin /usr/lib/gcc/x86_64-mageia-linux-gnu/4.9.2/liblto_plugin.so -plugin-opt=/usr/lib/gcc/x86_64-mageia-linux-gnu/4.9.2/lto-wrapper -plugin-opt=-fresolution=/tmp/ccrXyyba.res -plugin-opt=-pass-through=-lgcc -plugin-opt=-pass-through=-lgcc_s -plugin-opt=-pass-through=-lc -plugin-opt=-pass-through=-lgcc -plugin-opt=-pass-through=-lgcc_s --build-id --eh-frame-hdr -m elf_x86_64 --hash-style=gnu -export-dynamic -dynamic-linker /lib64/ld-linux-x86-64.so.2 -o cmTryCompileExec2605153005 /usr/lib/gcc/x86_64-mageia-linux-gnu/4.9.2/../../../../lib64/crt1.o /usr/lib/gcc/x86_64-mageia-linux-gnu/4.9.2/../../../../lib64/crti.o /usr/lib/gcc/x86_64-mageia-linux-gnu/4.9.2/crtbegin.o -L/usr/lib/gcc/x86_64-mageia-linux-gnu/4.9.2 -L/usr/lib/gcc/x86_64-mageia-linux-gnu/4.9.2/../../../../lib64 -L/lib/../lib64 -L/usr/lib/../lib64 -L/usr/lib/gcc/x86_64-mageia-linux-gnu/4.9.2/../../.. CMakeFiles/cmTryCompileExec2605153005.dir/CMakeCCompilerABI.c.o -lgcc --as-needed -lgcc_s --no-as-needed -lc -lgcc --as-needed -lgcc_s --no-as-needed /usr/lib/gcc/x86_64-mageia-linux-gnu/4.9.2/crtend.o /usr/lib/gcc/x86_64-mageia-linux-gnu/4.9.2/../../../../lib64/crtn.o
gmake[1]: Leaving directory '/home/marko/projects/parallelModeling/core/opencl/CMakeFiles/CMakeTmp'


Parsed C implicit link information from above output:
  link line regex: [^( *|.*[/\])(ld|([^/\]+-)?ld|collect2)[^/\]*( |$)]
  ignore line: [Change Dir: /home/marko/projects/parallelModeling/core/opencl/CMakeFiles/CMakeTmp]
  ignore line: []
  ignore line: [Run Build Command:"/usr/bin/gmake" "cmTryCompileExec2605153005/fast"]
  ignore line: [/usr/bin/gmake -f CMakeFiles/cmTryCompileExec2605153005.dir/build.make CMakeFiles/cmTryCompileExec2605153005.dir/build]
  ignore line: [gmake[1]: Entering directory '/home/marko/projects/parallelModeling/core/opencl/CMakeFiles/CMakeTmp']
  ignore line: [/usr/bin/cmake -E cmake_progress_report /home/marko/projects/parallelModeling/core/opencl/CMakeFiles/CMakeTmp/CMakeFiles 1]
  ignore line: [Building C object CMakeFiles/cmTryCompileExec2605153005.dir/CMakeCCompilerABI.c.o]
  ignore line: [/usr/bin/cc    -o CMakeFiles/cmTryCompileExec2605153005.dir/CMakeCCompilerABI.c.o   -c /usr/share/cmake/Modules/CMakeCCompilerABI.c]
  ignore line: [Linking C executable cmTryCompileExec2605153005]
  ignore line: [/usr/bin/cmake -E cmake_link_script CMakeFiles/cmTryCompileExec2605153005.dir/link.txt --verbose=1]
  ignore line: [/usr/bin/cc     -v CMakeFiles/cmTryCompileExec2605153005.dir/CMakeCCompilerABI.c.o  -o cmTryCompileExec2605153005 -rdynamic  ]
  ignore line: [Using built-in specs.]
  ignore line: [COLLECT_GCC=/usr/bin/cc]
  ignore line: [COLLECT_LTO_WRAPPER=/usr/lib/gcc/x86_64-mageia-linux-gnu/4.9.2/lto-wrapper]
  ignore line: [Target: x86_64-mageia-linux-gnu]
  ignore line: [Configured with: ../configure --prefix=/usr --libexecdir=/usr/lib --with-slibdir=/lib64 --with-bugurl=http://bugs.mageia.org/ --mandir=/usr/share/man --infodir=/usr/share/info --enable-checking=release --enable-languages=c,c++,ada,fortran,objc,obj-c++,java --enable-linker-build-id --build=x86_64-mageia-linux-gnu --host=x86_64-mageia-linux-gnu --with-cpu=generic --with-system-zlib --enable-threads=posix --enable-shared --enable-objc-gc --enable-long-long --enable-__cxa_atexit --disable-libunwind-exceptions --enable-clocale=gnu --enable-java-awt=gtk --with-java-home=/usr/lib/jvm/java-1.5.0-gcj-1.5.0.0/jre --with-ecj-jar=/usr/share/java/eclipse-ecj.jar --enable-gtk-cairo --disable-libjava-multilib --enable-ssp --disable-libssp --disable-werror --with-ppl --with-cloog --with-python-dir=/lib/python2.7/site-packages --enable-lto]
  ignore line: [Thread model: posix]
  ignore line: [gcc version 4.9.2 (GCC) ]
  ignore line: [COMPILER_PATH=/usr/lib/gcc/x86_64-mageia-linux-gnu/4.9.2/:/usr/lib/gcc/x86_64-mageia-linux-gnu/4.9.2/:/usr/lib/gcc/x86_64-mageia-linux-gnu/:/usr/lib/gcc/x86_64-mageia-linux-gnu/4.9.2/:/usr/lib/gcc/x86_64-mageia-linux-gnu/]
  ignore line: [LIBRARY_PATH=/usr/lib/gcc/x86_64-mageia-linux-gnu/4.9.2/:/usr/lib/gcc/x86_64-mageia-linux-gnu/4.9.2/../../../../lib64/:/lib/../lib64/:/usr/lib/../lib64/:/usr/lib/gcc/x86_64-mageia-linux-gnu/4.9.2/../../../:/lib/:/usr/lib/]
  ignore line: [COLLECT_GCC_OPTIONS='-v' '-o' 'cmTryCompileExec2605153005' '-rdynamic' '-mtune=generic' '-march=x86-64']
  link line: [ /usr/lib/gcc/x86_64-mageia-linux-gnu/4.9.2/collect2 -plugin /usr/lib/gcc/x86_64-mageia-linux-gnu/4.9.2/liblto_plugin.so -plugin-opt=/usr/lib/gcc/x86_64-mageia-linux-gnu/4.9.2/lto-wrapper -plugin-opt=-fresolution=/tmp/ccrXyyba.res -plugin-opt=-pass-through=-lgcc -plugin-opt=-pass-through=-lgcc_s -plugin-opt=-pass-through=-lc -plugin-opt=-pass-through=-lgcc -plugin-opt=-pass-through=-lgcc_s --build-id --eh-frame-hdr -m elf_x86_64 --hash-style=gnu -export-dynamic -dynamic-linker /lib64/ld-linux-x86-64.so.2 -o cmTryCompileExec2605153005 /usr/lib/gcc/x86_64-mageia-linux-gnu/4.9.2/../../../../lib64/crt1.o /usr/lib/gcc/x86_64-mageia-linux-gnu/4.9.2/../../../../lib64/crti.o /usr/lib/gcc/x86_64-mageia-linux-gnu/4.9.2/crtbegin.o -L/usr/lib/gcc/x86_64-mageia-linux-gnu/4.9.2 -L/usr/lib/gcc/x86_64-mageia-linux-gnu/4.9.2/../../../../lib64 -L/lib/../lib64 -L/usr/lib/../lib64 -L/usr/lib/gcc/x86_64-mageia-linux-gnu/4.9.2/../../.. CMakeFiles/cmTryCompileExec2605153005.dir/CMakeCCompilerABI.c.o -lgcc --as-needed -lgcc_s --no-as-needed -lc -lgcc --as-needed -lgcc_s --no-as-needed /usr/lib/gcc/x86_64-mageia-linux-gnu/4.9.2/crtend.o /usr/lib/gcc/x86_64-mageia-linux-gnu/4.9.2/../../../../lib64/crtn.o]
    arg [/usr/lib/gcc/x86_64-mageia-linux-gnu/4.9.2/collect2] ==> ignore
    arg [-plugin] ==> ignore
    arg [/usr/lib/gcc/x86_64-mageia-linux-gnu/4.9.2/liblto_plugin.so] ==> ignore
    arg [-plugin-opt=/usr/lib/gcc/x86_64-mageia-linux-gnu/4.9.2/lto-wrapper] ==> ignore
    arg [-plugin-opt=-fresolution=/tmp/ccrXyyba.res] ==> ignore
    arg [-plugin-opt=-pass-through=-lgcc] ==> ignore
    arg [-plugin-opt=-pass-through=-lgcc_s] ==> ignore
    arg [-plugin-opt=-pass-through=-lc] ==> ignore
    arg [-plugin-opt=-pass-through=-lgcc] ==> ignore
    arg [-plugin-opt=-pass-through=-lgcc_s] ==> ignore
    arg [--build-id] ==> ignore
    arg [--eh-frame-hdr] ==> ignore
    arg [-m] ==> ignore
    arg [elf_x86_64] ==> ignore
    arg [--hash-style=gnu] ==> ignore
    arg [-export-dynamic] ==> ignore
    arg [-dynamic-linker] ==> ignore
    arg [/lib64/ld-linux-x86-64.so.2] ==> ignore
    arg [-o] ==> ignore
    arg [cmTryCompileExec2605153005] ==> ignore
    arg [/usr/lib/gcc/x86_64-mageia-linux-gnu/4.9.2/../../../../lib64/crt1.o] ==> ignore
    arg [/usr/lib/gcc/x86_64-mageia-linux-gnu/4.9.2/../../../../lib64/crti.o] ==> ignore
    arg [/usr/lib/gcc/x86_64-mageia-linux-gnu/4.9.2/crtbegin.o] ==> ignore
    arg [-L/usr/lib/gcc/x86_64-mageia-linux-gnu/4.9.2] ==> dir [/usr/lib/gcc/x86_64-mageia-linux-gnu/4.9.2]
    arg [-L/usr/lib/gcc/x86_64-mageia-linux-gnu/4.9.2/../../../../lib64] ==> dir [/usr/lib/gcc/x86_64-mageia-linux-gnu/4.9.2/../../../../lib64]
    arg [-L/lib/../lib64] ==> dir [/lib/../lib64]
    arg [-L/usr/lib/../lib64] ==> dir [/usr/lib/../lib64]
    arg [-L/usr/lib/gcc/x86_64-mageia-linux-gnu/4.9.2/../../..] ==> dir [/usr/lib/gcc/x86_64-mageia-linux-gnu/4.9.2/../../..]
    arg [CMakeFiles/cmTryCompileExec2605153005.dir/CMakeCCompilerABI.c.o] ==> ignore
    arg [-lgcc] ==> lib [gcc]
    arg [--as-needed] ==> ignore
    arg [-lgcc_s] ==> lib [gcc_s]
    arg [--no-as-needed] ==> ignore
    arg [-lc] ==> lib [c]
    arg [-lgcc] ==> lib [gcc]
    arg [--as-needed] ==> ignore
    arg [-lgcc_s] ==> lib [gcc_s]
    arg [--no-as-needed] ==> ignore
    arg [/usr/lib/gcc/x86_64-mageia-linux-gnu/4.9.2/crtend.o] ==> ignore
    arg [/usr/lib/gcc/x86_64-mageia-linux-gnu/4.9.2/../../../../lib64/crtn.o] ==> ignore
  remove lib [gcc]
  remove lib [gcc_s]
  remove lib [gcc]
  remove lib [gcc_s]
  collapse library dir [/usr/lib/gcc/x86_64-mageia-linux-gnu/4.9.2] ==> [/usr/lib/gcc/x86_64-mageia-linux-gnu/4.9.2]
  collapse library dir [/usr/lib/gcc/x86_64-mageia-linux-gnu/4.9.2/../../../../lib64] ==> [/usr/lib64]
  collapse library dir [/lib/../lib64] ==> [/lib64]
  collapse library dir [/usr/lib/../lib64] ==> [/usr/lib64]
  collapse library dir [/usr/lib/gcc/x86_64-mageia-linux-gnu/4.9.2/../../..] ==> [/usr/lib]
  implicit libs: [c]
  implicit dirs: [/usr/lib/gcc/x86_64-mageia-linux-gnu/4.9.2;/usr/lib64;/lib64;/usr/lib]
  implicit fwks: []


Determining if the CXX compiler works passed with the following output:
Change Dir: /home/marko/projects/parallelModeling/core/opencl/CMakeFiles/CMakeTmp

Run Build Command:"/usr/bin/gmake" "cmTryCompileExec1313268993/fast"
/usr/bin/gmake -f CMakeFiles/cmTryCompileExec1313268993.dir/build.make CMakeFiles/cmTryCompileExec1313268993.dir/build
gmake[1]: Entering directory '/home/marko/projects/parallelModeling/core/opencl/CMakeFiles/CMakeTmp'
/usr/bin/cmake -E cmake_progress_report /home/marko/projects/parallelModeling/core/opencl/CMakeFiles/CMakeTmp/CMakeFiles 1
Building CXX object CMakeFiles/cmTryCompileExec1313268993.dir/testCXXCompiler.cxx.o
/usr/bin/c++     -o CMakeFiles/cmTryCompileExec1313268993.dir/testCXXCompiler.cxx.o -c /home/marko/projects/parallelModeling/core/opencl/CMakeFiles/CMakeTmp/testCXXCompiler.cxx
Linking CXX executable cmTryCompileExec1313268993
/usr/bin/cmake -E cmake_link_script CMakeFiles/cmTryCompileExec1313268993.dir/link.txt --verbose=1
/usr/bin/c++        CMakeFiles/cmTryCompileExec1313268993.dir/testCXXCompiler.cxx.o  -o cmTryCompileExec1313268993 -rdynamic 
gmake[1]: Leaving directory '/home/marko/projects/parallelModeling/core/opencl/CMakeFiles/CMakeTmp'


Detecting CXX compiler ABI info compiled with the following output:
Change Dir: /home/marko/projects/parallelModeling/core/opencl/CMakeFiles/CMakeTmp

Run Build Command:"/usr/bin/gmake" "cmTryCompileExec3529608133/fast"
/usr/bin/gmake -f CMakeFiles/cmTryCompileExec3529608133.dir/build.make CMakeFiles/cmTryCompileExec3529608133.dir/build
gmake[1]: Entering directory '/home/marko/projects/parallelModeling/core/opencl/CMakeFiles/CMakeTmp'
/usr/bin/cmake -E cmake_progress_report /home/marko/projects/parallelModeling/core/opencl/CMakeFiles/CMakeTmp/CMakeFiles 1
Building CXX object CMakeFiles/cmTryCompileExec3529608133.dir/CMakeCXXCompilerABI.cpp.o
/usr/bin/c++     -o CMakeFiles/cmTryCompileExec3529608133.dir/CMakeCXXCompilerABI.cpp.o -c /usr/share/cmake/Modules/CMakeCXXCompilerABI.cpp
Linking CXX executable cmTryCompileExec3529608133
/usr/bin/cmake -E cmake_link_script CMakeFiles/cmTryCompileExec3529608133.dir/link.txt --verbose=1
/usr/bin/c++      -v CMakeFiles/cmTryCompileExec3529608133.dir/CMakeCXXCompilerABI.cpp.o  -o cmTryCompileExec3529608133 -rdynamic  
Using built-in specs.
COLLECT_GCC=/usr/bin/c++
COLLECT_LTO_WRAPPER=/usr/lib/gcc/x86_64-mageia-linux-gnu/4.9.2/lto-wrapper
Target: x86_64-mageia-linux-gnu
Configured with: ../configure --prefix=/usr --libexecdir=/usr/lib --with-slibdir=/lib64 --with-bugurl=http://bugs.mageia.org/ --mandir=/usr/share/man --infodir=/usr/share/info --enable-checking=release --enable-languages=c,c++,ada,fortran,objc,obj-c++,java --enable-linker-build-id --build=x86_64-mageia-linux-gnu --host=x86_64-mageia-linux-gnu --with-cpu=generic --with-system-zlib --enable-threads=posix --enable-shared --enable-objc-gc --enable-long-long --enable-__cxa_atexit --disable-libunwind-exceptions --enable-clocale=gnu --enable-java-awt=gtk --with-java-home=/usr/lib/jvm/java-1.5.0-gcj-1.5.0.0/jre --with-ecj-jar=/usr/share/java/eclipse-ecj.jar --enable-gtk-cairo --disable-libjava-multilib --enable-ssp --disable-libssp --disable-werror --with-ppl --with-cloog --with-python-dir=/lib/python2.7/site-packages --enable-lto
Thread model: posix
gcc version 4.9.2 (GCC) 
COMPILER_PATH=/usr/lib/gcc/x86_64-mageia-linux-gnu/4.9.2/:/usr/lib/gcc/x86_64-mageia-linux-gnu/4.9.2/:/usr/lib/gcc/x86_64-mageia-linux-gnu/:/usr/lib/gcc/x86_64-mageia-linux-gnu/4.9.2/:/usr/lib/gcc/x86_64-mageia-linux-gnu/
LIBRARY_PATH=/usr/lib/gcc/x86_64-mageia-linux-gnu/4.9.2/:/usr/lib/gcc/x86_64-mageia-linux-gnu/4.9.2/../../../../lib64/:/lib/../lib64/:/usr/lib/../lib64/:/usr/lib/gcc/x86_64-mageia-linux-gnu/4.9.2/../../../:/lib/:/usr/lib/
COLLECT_GCC_OPTIONS='-v' '-o' 'cmTryCompileExec3529608133' '-rdynamic' '-shared-libgcc' '-mtune=generic' '-march=x86-64'
 /usr/lib/gcc/x86_64-mageia-linux-gnu/4.9.2/collect2 -plugin /usr/lib/gcc/x86_64-mageia-linux-gnu/4.9.2/liblto_plugin.so -plugin-opt=/usr/lib/gcc/x86_64-mageia-linux-gnu/4.9.2/lto-wrapper -plugin-opt=-fresolution=/tmp/ccqwuF1q.res -plugin-opt=-pass-through=-lgcc_s -plugin-opt=-pass-through=-lgcc -plugin-opt=-pass-through=-lc -plugin-opt=-pass-through=-lgcc_s -plugin-opt=-pass-through=-lgcc --build-id --eh-frame-hdr -m elf_x86_64 --hash-style=gnu -export-dynamic -dynamic-linker /lib64/ld-linux-x86-64.so.2 -o cmTryCompileExec3529608133 /usr/lib/gcc/x86_64-mageia-linux-gnu/4.9.2/../../../../lib64/crt1.o /usr/lib/gcc/x86_64-mageia-linux-gnu/4.9.2/../../../../lib64/crti.o /usr/lib/gcc/x86_64-mageia-linux-gnu/4.9.2/crtbegin.o -L/usr/lib/gcc/x86_64-mageia-linux-gnu/4.9.2 -L/usr/lib/gcc/x86_64-mageia-linux-gnu/4.9.2/../../../../lib64 -L/lib/../lib64 -L/usr/lib/../lib64 -L/usr/lib/gcc/x86_64-mageia-linux-gnu/4.9.2/../../.. CMakeFiles/cmTryCompileExec3529608133.dir/CMakeCXXCompilerABI.cpp.o -lstdc++ -lm -lgcc_s -lgcc -lc -lgcc_s -lgcc /usr/lib/gcc/x86_64-mageia-linux-gnu/4.9.2/crtend.o /usr/lib/gcc/x86_64-mageia-linux-gnu/4.9.2/../../../../lib64/crtn.o
gmake[1]: Leaving directory '/home/marko/projects/parallelModeling/core/opencl/CMakeFiles/CMakeTmp'


Parsed CXX implicit link information from above output:
  link line regex: [^( *|.*[/\])(ld|([^/\]+-)?ld|collect2)[^/\]*( |$)]
  ignore line: [Change Dir: /home/marko/projects/parallelModeling/core/opencl/CMakeFiles/CMakeTmp]
  ignore line: []
  ignore line: [Run Build Command:"/usr/bin/gmake" "cmTryCompileExec3529608133/fast"]
  ignore line: [/usr/bin/gmake -f CMakeFiles/cmTryCompileExec3529608133.dir/build.make CMakeFiles/cmTryCompileExec3529608133.dir/build]
  ignore line: [gmake[1]: Entering directory '/home/marko/projects/parallelModeling/core/opencl/CMakeFiles/CMakeTmp']
  ignore line: [/usr/bin/cmake -E cmake_progress_report /home/marko/projects/parallelModeling/core/opencl/CMakeFiles/CMakeTmp/CMakeFiles 1]
  ignore line: [Building CXX object CMakeFiles/cmTryCompileExec3529608133.dir/CMakeCXXCompilerABI.cpp.o]
  ignore line: [/usr/bin/c++     -o CMakeFiles/cmTryCompileExec3529608133.dir/CMakeCXXCompilerABI.cpp.o -c /usr/share/cmake/Modules/CMakeCXXCompilerABI.cpp]
  ignore line: [Linking CXX executable cmTryCompileExec3529608133]
  ignore line: [/usr/bin/cmake -E cmake_link_script CMakeFiles/cmTryCompileExec3529608133.dir/link.txt --verbose=1]
  ignore line: [/usr/bin/c++      -v CMakeFiles/cmTryCompileExec3529608133.dir/CMakeCXXCompilerABI.cpp.o  -o cmTryCompileExec3529608133 -rdynamic  ]
  ignore line: [Using built-in specs.]
  ignore line: [COLLECT_GCC=/usr/bin/c++]
  ignore line: [COLLECT_LTO_WRAPPER=/usr/lib/gcc/x86_64-mageia-linux-gnu/4.9.2/lto-wrapper]
  ignore line: [Target: x86_64-mageia-linux-gnu]
  ignore line: [Configured with: ../configure --prefix=/usr --libexecdir=/usr/lib --with-slibdir=/lib64 --with-bugurl=http://bugs.mageia.org/ --mandir=/usr/share/man --infodir=/usr/share/info --enable-checking=release --enable-languages=c,c++,ada,fortran,objc,obj-c++,java --enable-linker-build-id --build=x86_64-mageia-linux-gnu --host=x86_64-mageia-linux-gnu --with-cpu=generic --with-system-zlib --enable-threads=posix --enable-shared --enable-objc-gc --enable-long-long --enable-__cxa_atexit --disable-libunwind-exceptions --enable-clocale=gnu --enable-java-awt=gtk --with-java-home=/usr/lib/jvm/java-1.5.0-gcj-1.5.0.0/jre --with-ecj-jar=/usr/share/java/eclipse-ecj.jar --enable-gtk-cairo --disable-libjava-multilib --enable-ssp --disable-libssp --disable-werror --with-ppl --with-cloog --with-python-dir=/lib/python2.7/site-packages --enable-lto]
  ignore line: [Thread model: posix]
  ignore line: [gcc version 4.9.2 (GCC) ]
  ignore line: [COMPILER_PATH=/usr/lib/gcc/x86_64-mageia-linux-gnu/4.9.2/:/usr/lib/gcc/x86_64-mageia-linux-gnu/4.9.2/:/usr/lib/gcc/x86_64-mageia-linux-gnu/:/usr/lib/gcc/x86_64-mageia-linux-gnu/4.9.2/:/usr/lib/gcc/x86_64-mageia-linux-gnu/]
  ignore line: [LIBRARY_PATH=/usr/lib/gcc/x86_64-mageia-linux-gnu/4.9.2/:/usr/lib/gcc/x86_64-mageia-linux-gnu/4.9.2/../../../../lib64/:/lib/../lib64/:/usr/lib/../lib64/:/usr/lib/gcc/x86_64-mageia-linux-gnu/4.9.2/../../../:/lib/:/usr/lib/]
  ignore line: [COLLECT_GCC_OPTIONS='-v' '-o' 'cmTryCompileExec3529608133' '-rdynamic' '-shared-libgcc' '-mtune=generic' '-march=x86-64']
  link line: [ /usr/lib/gcc/x86_64-mageia-linux-gnu/4.9.2/collect2 -plugin /usr/lib/gcc/x86_64-mageia-linux-gnu/4.9.2/liblto_plugin.so -plugin-opt=/usr/lib/gcc/x86_64-mageia-linux-gnu/4.9.2/lto-wrapper -plugin-opt=-fresolution=/tmp/ccqwuF1q.res -plugin-opt=-pass-through=-lgcc_s -plugin-opt=-pass-through=-lgcc -plugin-opt=-pass-through=-lc -plugin-opt=-pass-through=-lgcc_s -plugin-opt=-pass-through=-lgcc --build-id --eh-frame-hdr -m elf_x86_64 --hash-style=gnu -export-dynamic -dynamic-linker /lib64/ld-linux-x86-64.so.2 -o cmTryCompileExec3529608133 /usr/lib/gcc/x86_64-mageia-linux-gnu/4.9.2/../../../../lib64/crt1.o /usr/lib/gcc/x86_64-mageia-linux-gnu/4.9.2/../../../../lib64/crti.o /usr/lib/gcc/x86_64-mageia-linux-gnu/4.9.2/crtbegin.o -L/usr/lib/gcc/x86_64-mageia-linux-gnu/4.9.2 -L/usr/lib/gcc/x86_64-mageia-linux-gnu/4.9.2/../../../../lib64 -L/lib/../lib64 -L/usr/lib/../lib64 -L/usr/lib/gcc/x86_64-mageia-linux-gnu/4.9.2/../../.. CMakeFiles/cmTryCompileExec3529608133.dir/CMakeCXXCompilerABI.cpp.o -lstdc++ -lm -lgcc_s -lgcc -lc -lgcc_s -lgcc /usr/lib/gcc/x86_64-mageia-linux-gnu/4.9.2/crtend.o /usr/lib/gcc/x86_64-mageia-linux-gnu/4.9.2/../../../../lib64/crtn.o]
    arg [/usr/lib/gcc/x86_64-mageia-linux-gnu/4.9.2/collect2] ==> ignore
    arg [-plugin] ==> ignore
    arg [/usr/lib/gcc/x86_64-mageia-linux-gnu/4.9.2/liblto_plugin.so] ==> ignore
    arg [-plugin-opt=/usr/lib/gcc/x86_64-mageia-linux-gnu/4.9.2/lto-wrapper] ==> ignore
    arg [-plugin-opt=-fresolution=/tmp/ccqwuF1q.res] ==> ignore
    arg [-plugin-opt=-pass-through=-lgcc_s] ==> ignore
    arg [-plugin-opt=-pass-through=-lgcc] ==> ignore
    arg [-plugin-opt=-pass-through=-lc] ==> ignore
    arg [-plugin-opt=-pass-through=-lgcc_s] ==> ignore
    arg [-plugin-opt=-pass-through=-lgcc] ==> ignore
    arg [--build-id] ==> ignore
    arg [--eh-frame-hdr] ==> ignore
    arg [-m] ==> ignore
    arg [elf_x86_64] ==> ignore
    arg [--hash-style=gnu] ==> ignore
    arg [-export-dynamic] ==> ignore
    arg [-dynamic-linker] ==> ignore
    arg [/lib64/ld-linux-x86-64.so.2] ==> ignore
    arg [-o] ==> ignore
    arg [cmTryCompileExec3529608133] ==> ignore
    arg [/usr/lib/gcc/x86_64-mageia-linux-gnu/4.9.2/../../../../lib64/crt1.o] ==> ignore
    arg [/usr/lib/gcc/x86_64-mageia-linux-gnu/4.9.2/../../../../lib64/crti.o] ==> ignore
    arg [/usr/lib/gcc/x86_64-mageia-linux-gnu/4.9.2/crtbegin.o] ==> ignore
    arg [-L/usr/lib/gcc/x86_64-mageia-linux-gnu/4.9.2] ==> dir [/usr/lib/gcc/x86_64-mageia-linux-gnu/4.9.2]
    arg [-L/usr/lib/gcc/x86_64-mageia-linux-gnu/4.9.2/../../../../lib64] ==> dir [/usr/lib/gcc/x86_64-mageia-linux-gnu/4.9.2/../../../../lib64]
    arg [-L/lib/../lib64] ==> dir [/lib/../lib64]
    arg [-L/usr/lib/../lib64] ==> dir [/usr/lib/../lib64]
    arg [-L/usr/lib/gcc/x86_64-mageia-linux-gnu/4.9.2/../../..] ==> dir [/usr/lib/gcc/x86_64-mageia-linux-gnu/4.9.2/../../..]
    arg [CMakeFiles/cmTryCompileExec3529608133.dir/CMakeCXXCompilerABI.cpp.o] ==> ignore
    arg [-lstdc++] ==> lib [stdc++]
    arg [-lm] ==> lib [m]
    arg [-lgcc_s] ==> lib [gcc_s]
    arg [-lgcc] ==> lib [gcc]
    arg [-lc] ==> lib [c]
    arg [-lgcc_s] ==> lib [gcc_s]
    arg [-lgcc] ==> lib [gcc]
    arg [/usr/lib/gcc/x86_64-mageia-linux-gnu/4.9.2/crtend.o] ==> ignore
    arg [/usr/lib/gcc/x86_64-mageia-linux-gnu/4.9.2/../../../../lib64/crtn.o] ==> ignore
  remove lib [gcc_s]
  remove lib [gcc]
  remove lib [gcc_s]
  remove lib [gcc]
  collapse library dir [/usr/lib/gcc/x86_64-mageia-linux-gnu/4.9.2] ==> [/usr/lib/gcc/x86_64-mageia-linux-gnu/4.9.2]
  collapse library dir [/usr/lib/gcc/x86_64-mageia-linux-gnu/4.9.2/../../../../lib64] ==> [/usr/lib64]
  collapse library dir [/lib/../lib64] ==> [/lib64]
  collapse library dir [/usr/lib/../lib64] ==> [/usr/lib64]
  collapse library dir [/usr/lib/gcc/x86_64-mageia-linux-gnu/4.9.2/../../..] ==> [/usr/lib]
  implicit libs: [stdc++;m;c]
  implicit dirs: [/usr/lib/gcc/x86_64-mageia-linux-gnu/4.9.2;/usr/lib64;/lib64;/usr/lib]
  implicit fwks: []


